11/10/2024 13:01:50 [Project.Server.Server] ([32mINFO[0m):
[34m>[0m Server Starting
11/10/2024 13:01:50 [Project.Server.Server] ([32mINFO[0m):
[34m>[0m Listening on port 3000
11/10/2024 13:01:50 [Project.Server.Room] ([32mINFO[0m):
[34m>[0m Room[lobby]: created
11/10/2024 13:01:50 [Project.Server.Server] ([32mINFO[0m):
[34m>[0m Created new Room lobby
11/10/2024 13:01:50 [Project.Server.Server] ([32mINFO[0m):
[34m>[0m Waiting for next client
11/10/2024 13:02:54 [Project.Server.Server] ([32mINFO[0m):
[34m>[0m Client connected
11/10/2024 13:02:54 [Project.Server.ServerThread] ([32mINFO[0m):
[34m>[0m ServerThread[null(0)]: ServerThread created
11/10/2024 13:02:54 [Project.Server.Server] ([32mINFO[0m):
[34m>[0m Waiting for next client
11/10/2024 13:02:54 [Project.Server.ServerThread] ([32mINFO[0m):
[34m>[0m ServerThread[null(-1)]: Thread starting
11/10/2024 13:02:54 [Project.Server.ServerThread] ([32mINFO[0m):
[34m>[0m ServerThread[null(-1)]: Received from my client: Payload[CLIENT_CONNECT] Client Id [0] Message: [null] Client Name [bob] Status [disconnect]
11/10/2024 13:02:54 [Project.Server.Server] ([32mINFO[0m):
[34m>[0m Server: *bob[1] initialized*
11/10/2024 13:02:54 [Project.Server.Room] ([32mINFO[0m):
[34m>[0m Room[lobby]: sending room status to 1 recipients
11/10/2024 13:02:54 [Project.Server.Room] ([32mINFO[0m):
[34m>[0m Room[lobby]: bob[1] joined the Room[lobby]
11/10/2024 13:03:06 [Project.Server.ServerThread] ([32mINFO[0m):
[34m>[0m ServerThread[bob(1)]: Received from my client: Payload[ROOM_CREATE] Client Id [0] Message: [bob]
11/10/2024 13:03:06 [Project.Server.Room] ([32mINFO[0m):
[34m>[0m Room[bob]: created
11/10/2024 13:03:06 [Project.Server.Server] ([32mINFO[0m):
[34m>[0m Created new Room bob
11/10/2024 13:03:06 [Project.Server.Room] ([32mINFO[0m):
[34m>[0m Room[lobby]: sending room status to 1 recipients
11/10/2024 13:03:06 [Project.Server.Room] ([34mFINE[0m):
[34m>[0m Clients remaining in Room: 0
11/10/2024 13:03:06 [Project.Server.Room] ([32mINFO[0m):
[34m>[0m Room[lobby]: bob[1] left the room
11/10/2024 13:03:06 [Project.Server.Room] ([32mINFO[0m):
[34m>[0m Room[bob]: sending room status to 1 recipients
11/10/2024 13:03:06 [Project.Server.Room] ([32mINFO[0m):
[34m>[0m Room[bob]: bob[1] joined the Room[bob]
11/10/2024 13:03:16 [Project.Server.BaseServerThread] ([31mSEVERE[0m):
[34m>[0m IO exception while reading from client
java.net.SocketException: Connection reset
	at java.base/sun.nio.ch.NioSocketImpl.implRead(NioSocketImpl.java:318)
	at java.base/sun.nio.ch.NioSocketImpl.read(NioSocketImpl.java:346)
	at java.base/sun.nio.ch.NioSocketImpl$1.read(NioSocketImpl.java:796)
	at java.base/java.net.Socket$SocketInputStream.implRead(Socket.java:1108)
	at java.base/java.net.Socket$SocketInputStream.read(Socket.java:1095)
	at java.base/java.net.Socket$SocketInputStream.read(Socket.java:1089)
	at java.base/java.io.ObjectInputStream$PeekInputStream.peek(ObjectInputStream.java:2878)
	at java.base/java.io.ObjectInputStream$BlockDataInputStream.peek(ObjectInputStream.java:3205)
	at java.base/java.io.ObjectInputStream$BlockDataInputStream.peekByte(ObjectInputStream.java:3215)
	at java.base/java.io.ObjectInputStream.readObject0(ObjectInputStream.java:1698)
	... 3 more elements truncated ...

11/10/2024 13:03:16 [Project.Server.ServerThread] ([32mINFO[0m):
[34m>[0m ServerThread[bob(1)]: Exited thread loop. Cleaning up connection
11/10/2024 13:03:16 [Project.Server.ServerThread] ([32mINFO[0m):
[34m>[0m ServerThread[bob(1)]: ServerThread cleanup() start
11/10/2024 13:03:16 [Project.Server.ServerThread] ([32mINFO[0m):
[34m>[0m ServerThread[bob(1)]: ServerThread cleanup() end
11/10/2024 13:13:56 [Project.Server.Server] ([32mINFO[0m):
[34m>[0m Server Starting
11/10/2024 13:13:56 [Project.Server.Server] ([32mINFO[0m):
[34m>[0m Listening on port 3000
11/10/2024 13:13:56 [Project.Server.Room] ([32mINFO[0m):
[34m>[0m Room[lobby]: created
11/10/2024 13:13:56 [Project.Server.Server] ([32mINFO[0m):
[34m>[0m Created new Room lobby
11/10/2024 13:13:56 [Project.Server.Server] ([32mINFO[0m):
[34m>[0m Waiting for next client
11/10/2024 13:14:11 [Project.Server.Server] ([32mINFO[0m):
[34m>[0m Client connected
11/10/2024 13:14:11 [Project.Server.ServerThread] ([32mINFO[0m):
[34m>[0m ServerThread[null(0)]: ServerThread created
11/10/2024 13:14:11 [Project.Server.Server] ([32mINFO[0m):
[34m>[0m Waiting for next client
11/10/2024 13:14:11 [Project.Server.ServerThread] ([32mINFO[0m):
[34m>[0m ServerThread[null(-1)]: Thread starting
11/10/2024 13:14:11 [Project.Server.ServerThread] ([32mINFO[0m):
[34m>[0m ServerThread[null(-1)]: Received from my client: Payload[CLIENT_CONNECT] Client Id [0] Message: [null] Client Name [bob] Status [disconnect]
11/10/2024 13:14:11 [Project.Server.Server] ([32mINFO[0m):
[34m>[0m Server: *bob[1] initialized*
11/10/2024 13:14:11 [Project.Server.Room] ([32mINFO[0m):
[34m>[0m Room[lobby]: sending room status to 1 recipients
11/10/2024 13:14:11 [Project.Server.Room] ([32mINFO[0m):
[34m>[0m Room[lobby]: bob[1] joined the Room[lobby]
11/10/2024 13:14:16 [Project.Server.ServerThread] ([32mINFO[0m):
[34m>[0m ServerThread[bob(1)]: Received from my client: Payload[ROLL] Client Id [0] Message: [null] (2,4)
11/10/2024 13:14:16 [Project.Server.Room] ([32mINFO[0m):
[34m>[0m Roll command processed: bob rolled 2d4 and got 7 (Rolls: 4 3)
11/10/2024 13:14:16 [Project.Server.Room] ([32mINFO[0m):
[34m>[0m Room[lobby]: sending message to 1 recipients: bob rolled 2d4 and got 7 (Rolls: 4 3)
11/10/2024 13:14:29 [Project.Server.ServerThread] ([32mINFO[0m):
[34m>[0m ServerThread[bob(1)]: Received from my client: Payload[ROLL] Client Id [0] Message: [null] (1,23)
11/10/2024 13:14:29 [Project.Server.Room] ([32mINFO[0m):
[34m>[0m Roll command processed: bob rolled 1d23 and got 13 (Rolls: 13)
11/10/2024 13:14:29 [Project.Server.Room] ([32mINFO[0m):
[34m>[0m Room[lobby]: sending message to 1 recipients: bob rolled 1d23 and got 13 (Rolls: 13)
11/10/2024 13:14:35 [Project.Server.ServerThread] ([32mINFO[0m):
[34m>[0m ServerThread[bob(1)]: Received from my client: Payload[FLIP] Client Id [0] Message: [null]
11/10/2024 13:14:35 [Project.Server.Room] ([32mINFO[0m):
[34m>[0m Flip command processed: bob flipped a coin and got Tails
11/10/2024 13:14:35 [Project.Server.Room] ([32mINFO[0m):
[34m>[0m Room[lobby]: sending message to 1 recipients: bob flipped a coin and got Tails
11/10/2024 13:14:37 [Project.Server.ServerThread] ([32mINFO[0m):
[34m>[0m ServerThread[bob(1)]: Received from my client: Payload[FLIP] Client Id [0] Message: [null]
11/10/2024 13:14:37 [Project.Server.Room] ([32mINFO[0m):
[34m>[0m Flip command processed: bob flipped a coin and got Tails
11/10/2024 13:14:37 [Project.Server.Room] ([32mINFO[0m):
[34m>[0m Room[lobby]: sending message to 1 recipients: bob flipped a coin and got Tails
11/10/2024 13:14:44 [Project.Server.ServerThread] ([32mINFO[0m):
[34m>[0m ServerThread[bob(1)]: Received from my client: Payload[FLIP] Client Id [0] Message: [null]
11/10/2024 13:14:44 [Project.Server.Room] ([32mINFO[0m):
[34m>[0m Flip command processed: bob flipped a coin and got Tails
11/10/2024 13:14:44 [Project.Server.Room] ([32mINFO[0m):
[34m>[0m Room[lobby]: sending message to 1 recipients: bob flipped a coin and got Tails
11/10/2024 13:14:46 [Project.Server.ServerThread] ([32mINFO[0m):
[34m>[0m ServerThread[bob(1)]: Received from my client: Payload[FLIP] Client Id [0] Message: [null]
11/10/2024 13:14:46 [Project.Server.Room] ([32mINFO[0m):
[34m>[0m Flip command processed: bob flipped a coin and got Heads
11/10/2024 13:14:46 [Project.Server.Room] ([32mINFO[0m):
[34m>[0m Room[lobby]: sending message to 1 recipients: bob flipped a coin and got Heads
11/10/2024 13:14:51 [Project.Server.BaseServerThread] ([31mSEVERE[0m):
[34m>[0m IO exception while reading from client
java.net.SocketException: Connection reset
	at java.base/sun.nio.ch.NioSocketImpl.implRead(NioSocketImpl.java:318)
	at java.base/sun.nio.ch.NioSocketImpl.read(NioSocketImpl.java:346)
	at java.base/sun.nio.ch.NioSocketImpl$1.read(NioSocketImpl.java:796)
	at java.base/java.net.Socket$SocketInputStream.implRead(Socket.java:1108)
	at java.base/java.net.Socket$SocketInputStream.read(Socket.java:1095)
	at java.base/java.net.Socket$SocketInputStream.read(Socket.java:1089)
	at java.base/java.io.ObjectInputStream$PeekInputStream.peek(ObjectInputStream.java:2878)
	at java.base/java.io.ObjectInputStream$BlockDataInputStream.peek(ObjectInputStream.java:3205)
	at java.base/java.io.ObjectInputStream$BlockDataInputStream.peekByte(ObjectInputStream.java:3215)
	at java.base/java.io.ObjectInputStream.readObject0(ObjectInputStream.java:1698)
	... 3 more elements truncated ...

11/10/2024 13:14:51 [Project.Server.ServerThread] ([32mINFO[0m):
[34m>[0m ServerThread[bob(1)]: Exited thread loop. Cleaning up connection
11/10/2024 13:14:51 [Project.Server.ServerThread] ([32mINFO[0m):
[34m>[0m ServerThread[bob(1)]: ServerThread cleanup() start
11/10/2024 13:14:51 [Project.Server.ServerThread] ([32mINFO[0m):
[34m>[0m ServerThread[bob(1)]: ServerThread cleanup() end
11/10/2024 13:14:52 [Project.Server.Server] ([32mINFO[0m):
[34m>[0m JVM is shutting down. Perform cleanup tasks.
11/10/2024 13:22:00 [Project.Server.Server] ([32mINFO[0m):
[34m>[0m Server Starting
11/10/2024 13:22:00 [Project.Server.Server] ([32mINFO[0m):
[34m>[0m Listening on port 3000
11/10/2024 13:22:00 [Project.Server.Room] ([32mINFO[0m):
[34m>[0m Room[lobby]: created
11/10/2024 13:22:00 [Project.Server.Server] ([32mINFO[0m):
[34m>[0m Created new Room lobby
11/10/2024 13:22:00 [Project.Server.Server] ([32mINFO[0m):
[34m>[0m Waiting for next client
11/10/2024 13:22:18 [Project.Server.Server] ([32mINFO[0m):
[34m>[0m Client connected
11/10/2024 13:22:18 [Project.Server.ServerThread] ([32mINFO[0m):
[34m>[0m ServerThread[null(0)]: ServerThread created
11/10/2024 13:22:18 [Project.Server.Server] ([32mINFO[0m):
[34m>[0m Waiting for next client
11/10/2024 13:22:18 [Project.Server.ServerThread] ([32mINFO[0m):
[34m>[0m ServerThread[null(-1)]: Thread starting
11/10/2024 13:22:18 [Project.Server.ServerThread] ([32mINFO[0m):
[34m>[0m ServerThread[null(-1)]: Received from my client: Payload[CLIENT_CONNECT] Client Id [0] Message: [null] Client Name [jack] Status [disconnect]
11/10/2024 13:22:18 [Project.Server.Server] ([32mINFO[0m):
[34m>[0m Server: *jack[1] initialized*
11/10/2024 13:22:18 [Project.Server.Room] ([32mINFO[0m):
[34m>[0m Room[lobby]: sending room status to 1 recipients
11/10/2024 13:22:18 [Project.Server.Room] ([32mINFO[0m):
[34m>[0m Room[lobby]: jack[1] joined the Room[lobby]
11/10/2024 13:22:42 [Project.Server.ServerThread] ([32mINFO[0m):
[34m>[0m ServerThread[jack(1)]: Received from my client: Payload[MESSAGE] Client Id [0] Message: [This is **bold** and *italic* along with _underlined_ with colored text such as #r red r#, #b blue b#, and #g green g# and must support a combination of all formats + color like **_*#r this is bold, underline, italic, and red r#*_**.]
11/10/2024 13:22:42 [Project.Server.Room] ([32mINFO[0m):
[34m>[0m Room[lobby]: sending message to 1 recipients: This is <b>bold</b> and <i>italic</i> along with <u>underlined</u> with colored text such as <span style='color:red'> red </span>, <span style='color:blue'> blue </span>, and <span style='color:green'> green </span> and must support a combination of all formats + color like <b><u><i><span style='color:red'> this is bold, underline, italic, and red </span></i></u></b>.
11/10/2024 13:22:47 [Project.Server.ServerThread] ([32mINFO[0m):
[34m>[0m ServerThread[jack(1)]: Received from my client: Payload[MESSAGE] Client Id [0] Message: []
11/10/2024 13:22:47 [Project.Server.Room] ([32mINFO[0m):
[34m>[0m Room[lobby]: sending message to 1 recipients: 
11/10/2024 13:23:12 [Project.Server.ServerThread] ([32mINFO[0m):
[34m>[0m ServerThread[jack(1)]: Received from my client: Payload[MESSAGE] Client Id [0] Message: [This is **bold** and *italic* along with _underlined_ with colored text such as #r red r#, #b blue b#, and #g green g# and must support a combination of all formats + color like **_*#r this is bold, underline, italic, and red r#*_**.]
11/10/2024 13:23:12 [Project.Server.Room] ([32mINFO[0m):
[34m>[0m Room[lobby]: sending message to 1 recipients: This is <b>bold</b> and <i>italic</i> along with <u>underlined</u> with colored text such as <span style='color:red'> red </span>, <span style='color:blue'> blue </span>, and <span style='color:green'> green </span> and must support a combination of all formats + color like <b><u><i><span style='color:red'> this is bold, underline, italic, and red </span></i></u></b>.
11/10/2024 13:25:07 [Project.Server.Server] ([32mINFO[0m):
[34m>[0m Server Starting
11/10/2024 13:25:07 [Project.Server.Server] ([32mINFO[0m):
[34m>[0m Listening on port 3000
11/10/2024 13:25:07 [Project.Server.Room] ([32mINFO[0m):
[34m>[0m Room[lobby]: created
11/10/2024 13:25:07 [Project.Server.Server] ([32mINFO[0m):
[34m>[0m Created new Room lobby
11/10/2024 13:25:07 [Project.Server.Server] ([32mINFO[0m):
[34m>[0m Waiting for next client
11/10/2024 13:25:19 [Project.Server.Server] ([32mINFO[0m):
[34m>[0m Client connected
11/10/2024 13:25:19 [Project.Server.ServerThread] ([32mINFO[0m):
[34m>[0m ServerThread[null(0)]: ServerThread created
11/10/2024 13:25:19 [Project.Server.Server] ([32mINFO[0m):
[34m>[0m Waiting for next client
11/10/2024 13:25:19 [Project.Server.ServerThread] ([32mINFO[0m):
[34m>[0m ServerThread[null(-1)]: Thread starting
11/10/2024 13:25:19 [Project.Server.ServerThread] ([32mINFO[0m):
[34m>[0m ServerThread[null(-1)]: Received from my client: Payload[CLIENT_CONNECT] Client Id [0] Message: [null] Client Name [jack] Status [disconnect]
11/10/2024 13:25:19 [Project.Server.Server] ([32mINFO[0m):
[34m>[0m Server: *jack[1] initialized*
11/10/2024 13:25:19 [Project.Server.Room] ([32mINFO[0m):
[34m>[0m Room[lobby]: sending room status to 1 recipients
11/10/2024 13:25:19 [Project.Server.Room] ([32mINFO[0m):
[34m>[0m Room[lobby]: jack[1] joined the Room[lobby]
11/10/2024 13:25:26 [Project.Server.ServerThread] ([32mINFO[0m):
[34m>[0m ServerThread[jack(1)]: Received from my client: Payload[MESSAGE] Client Id [0] Message: [This is **bold** and *italic* along with _underlined_ with colored text such as #r red r#, #b blue b#, and #g green g# and must support a combination of all formats + color like **_*#r this is bold, underline, italic, and red r#*_**.]
11/10/2024 13:25:26 [Project.Server.Room] ([32mINFO[0m):
[34m>[0m Room[lobby]: sending message to 1 recipients: This is <b>bold</b> and <i>italic</i> along with <u>underlined</u> with colored text such as <red> red </red>, <blue> blue </blue>, and <green> green </green> and must support a combination of all formats + color like <b><u><i><red> this is bold, underline, italic, and red </red></i></u></b>.
11/10/2024 13:26:26 [Project.Server.ServerThread] ([32mINFO[0m):
[34m>[0m ServerThread[jack(1)]: Received from my client: Payload[ROLL] Client Id [0] Message: [null] (2,7)
11/10/2024 13:26:26 [Project.Server.Room] ([32mINFO[0m):
[34m>[0m Roll command processed: jack rolled 2d7 and got 6 (Rolls: 1 5)
11/10/2024 13:26:26 [Project.Server.Room] ([32mINFO[0m):
[34m>[0m Room[lobby]: sending message to 1 recipients: jack rolled 2d7 and got 6 (Rolls: 1 5)
11/10/2024 13:27:05 [Project.Server.Server] ([32mINFO[0m):
[34m>[0m Client connected
11/10/2024 13:27:05 [Project.Server.ServerThread] ([32mINFO[0m):
[34m>[0m ServerThread[null(0)]: ServerThread created
11/10/2024 13:27:05 [Project.Server.Server] ([32mINFO[0m):
[34m>[0m Waiting for next client
11/10/2024 13:27:05 [Project.Server.ServerThread] ([32mINFO[0m):
[34m>[0m ServerThread[null(-1)]: Thread starting
11/10/2024 13:27:05 [Project.Server.ServerThread] ([32mINFO[0m):
[34m>[0m ServerThread[null(-1)]: Received from my client: Payload[CLIENT_CONNECT] Client Id [0] Message: [null] Client Name [bobby] Status [disconnect]
11/10/2024 13:27:05 [Project.Server.Server] ([32mINFO[0m):
[34m>[0m Server: *bobby[2] initialized*
11/10/2024 13:27:05 [Project.Server.Room] ([32mINFO[0m):
[34m>[0m Room[lobby]: sending room status to 2 recipients
11/10/2024 13:27:05 [Project.Server.Room] ([32mINFO[0m):
[34m>[0m Room[lobby]: bobby[2] joined the Room[lobby]
11/10/2024 13:27:11 [Project.Server.ServerThread] ([32mINFO[0m):
[34m>[0m ServerThread[bobby(2)]: Received from my client: Payload[ROLL] Client Id [0] Message: [null] (2,6)
11/10/2024 13:27:11 [Project.Server.Room] ([32mINFO[0m):
[34m>[0m Roll command processed: bobby rolled 2d6 and got 5 (Rolls: 3 2)
11/10/2024 13:27:11 [Project.Server.Room] ([32mINFO[0m):
[34m>[0m Room[lobby]: sending message to 2 recipients: bobby rolled 2d6 and got 5 (Rolls: 3 2)
11/10/2024 13:27:17 [Project.Server.ServerThread] ([32mINFO[0m):
[34m>[0m ServerThread[bobby(2)]: Received from my client: Payload[ROLL] Client Id [0] Message: [null] (3,6)
11/10/2024 13:27:17 [Project.Server.Room] ([32mINFO[0m):
[34m>[0m Roll command processed: bobby rolled 3d6 and got 13 (Rolls: 6 1 6)
11/10/2024 13:27:17 [Project.Server.Room] ([32mINFO[0m):
[34m>[0m Room[lobby]: sending message to 2 recipients: bobby rolled 3d6 and got 13 (Rolls: 6 1 6)
11/10/2024 13:27:20 [Project.Server.ServerThread] ([32mINFO[0m):
[34m>[0m ServerThread[bobby(2)]: Received from my client: Payload[FLIP] Client Id [0] Message: [null]
11/10/2024 13:27:20 [Project.Server.Room] ([32mINFO[0m):
[34m>[0m Flip command processed: bobby flipped a coin and got Tails
11/10/2024 13:27:20 [Project.Server.Room] ([32mINFO[0m):
[34m>[0m Room[lobby]: sending message to 2 recipients: bobby flipped a coin and got Tails
11/10/2024 13:27:23 [Project.Server.ServerThread] ([32mINFO[0m):
[34m>[0m ServerThread[bobby(2)]: Received from my client: Payload[FLIP] Client Id [0] Message: [null]
11/10/2024 13:27:23 [Project.Server.Room] ([32mINFO[0m):
[34m>[0m Flip command processed: bobby flipped a coin and got Heads
11/10/2024 13:27:23 [Project.Server.Room] ([32mINFO[0m):
[34m>[0m Room[lobby]: sending message to 2 recipients: bobby flipped a coin and got Heads
11/10/2024 13:27:27 [Project.Server.ServerThread] ([32mINFO[0m):
[34m>[0m ServerThread[bobby(2)]: Received from my client: Payload[ROLL] Client Id [0] Message: [null] (1,1999)
11/10/2024 13:27:27 [Project.Server.Room] ([32mINFO[0m):
[34m>[0m Roll command processed: bobby rolled 1d1999 and got 1401 (Rolls: 1401)
11/10/2024 13:27:27 [Project.Server.Room] ([32mINFO[0m):
[34m>[0m Room[lobby]: sending message to 2 recipients: bobby rolled 1d1999 and got 1401 (Rolls: 1401)
11/10/2024 13:27:41 [Project.Server.ServerThread] ([32mINFO[0m):
[34m>[0m ServerThread[bobby(2)]: Received from my client: Payload[MESSAGE] Client Id [0] Message: [This is **bold** and *italic* along with _underlined_ with colored text such as #r red r#, #b blue b#, and #g green g# and must support a combination of all formats + color like **_*#r this is bold, underline, italic, and red r#*_**.]
11/10/2024 13:27:41 [Project.Server.Room] ([32mINFO[0m):
[34m>[0m Room[lobby]: sending message to 2 recipients: This is <b>bold</b> and <i>italic</i> along with <u>underlined</u> with colored text such as <red> red </red>, <blue> blue </blue>, and <green> green </green> and must support a combination of all formats + color like <b><u><i><red> this is bold, underline, italic, and red </red></i></u></b>.
